Tue May 09 21:16:30 CEST 2017 : Apache Derby Network Server - 10.11.1.2 - (1629631) started and ready to accept connections on port 1527
----------------------------------------------------------------
Tue May 09 21:16:30 CEST 2017:
Booting Derby version The Apache Software Foundation - Apache Derby - 10.11.1.2 - (1629631): instance a816c00e-015b-eea4-3397-000005083d6f 
on database directory C:\Users\Boris\Desktop\pv168-repository\pv168\MissionDB\MissionDB with class loader sun.misc.Launcher$AppClassLoader@6f94fa3e 
Loaded from file:/C:/Program%20Files/Java/jdk1.8.0_121/db/lib/derby.jar
java.vendor=Oracle Corporation
java.runtime.version=1.8.0_121-b13
user.dir=C:\Program Files\Java\jdk1.8.0_121\db
os.name=Windows 7
os.arch=amd64
os.version=6.1
derby.system.home=C:\Users\Boris\Desktop\pv168-repository\pv168\MissionDB
Database Class Loader started - derby.database.classpath=''
----------------------------------------------------------------
Tue May 09 21:21:21 CEST 2017: Shutting down Derby engine
----------------------------------------------------------------
Tue May 09 21:21:21 CEST 2017:
Shutting down instance a816c00e-015b-eea4-3397-000005083d6f on database directory C:\Users\Boris\Desktop\pv168-repository\pv168\MissionDB\MissionDB with class loader sun.misc.Launcher$AppClassLoader@6f94fa3e 
----------------------------------------------------------------
